2025-02-03 13:56:53,268 - INFO - db configuration is localhost, 8000
2025-02-03 13:56:53,413 - INFO - successfully connected to chromadb
2025-02-03 14:01:01,261 - INFO - db configuration is localhost, 8000
2025-02-03 14:01:01,413 - INFO - successfully connected to chromadb
2025-02-03 14:34:21,913 - INFO - db configuration is localhost, 8000
2025-02-03 14:34:22,056 - INFO - successfully connected to chromadb
2025-02-03 14:34:47,554 - INFO - db configuration is localhost, 8000
2025-02-03 14:34:47,725 - INFO - successfully connected to chromadb
2025-02-03 14:35:31,889 - INFO - db configuration is localhost, 8000
2025-02-03 14:35:32,063 - INFO - successfully connected to chromadb
2025-02-03 14:35:43,873 - INFO - db configuration is localhost, 8000
2025-02-03 14:35:44,012 - INFO - successfully connected to chromadb
2025-02-03 14:38:14,166 - INFO - db configuration is localhost, 8000
2025-02-03 14:38:14,318 - INFO - successfully connected to chromadb
2025-02-03 14:38:23,460 - INFO - db configuration is localhost, 8000
2025-02-03 14:38:23,610 - INFO - successfully connected to chromadb
2025-02-03 14:38:40,013 - INFO - db configuration is localhost, 8000
2025-02-03 14:38:40,154 - INFO - successfully connected to chromadb
2025-02-03 14:41:05,224 - INFO - db configuration is localhost, 8000
2025-02-03 14:41:05,364 - INFO - successfully connected to chromadb
2025-02-03 14:41:10,617 - INFO - Invalid query
2025-02-03 14:45:39,744 - INFO - db configuration is localhost, 8000
2025-02-03 14:45:39,907 - INFO - successfully connected to chromadb
2025-02-03 14:46:18,187 - INFO - Text extracted from pdf and converted into chunks
2025-02-03 14:46:26,043 - ERROR - Failed to get relevent passage, Please change the query
2025-02-03 14:46:26,044 - ERROR - Failed to perform db operations 'ChromaDBSingleton' object has no attribute 'query'
